    Episode|Total steps|Episode steps|     Reward|Entropy loss
___________________________________________________________
         10       10000        1000     -943.12    -2.92510
         20       20000        1000     -733.58     0.09142
         30       30000        1000     -623.33     0.00990
         40       40000        1000     -646.93     0.13180
         50       50000        1000     -610.73    -0.19144
         60       60000        1000     -672.37     0.10634
         70       70000        1000     -669.96     0.03431
         80       80000        1000     -646.57    -0.14448
         90       90000        1000     -640.78     0.14486
        100      100000        1000     -629.99     0.02611
        110      110000        1000     -641.18     0.16174
        120      120000        1000     -626.06    -0.16372
        130      130000        1000     -621.92     0.01507
        140      140000        1000     -602.25    -0.20634
        150      150000        1000     -648.42    -0.02832
        160      160000        1000     -645.82    -0.06812
        170      170000        1000     -608.93     0.19193
        180      180000        1000     -597.16     0.20209
        190      190000        1000     -656.81    -0.03300
        200      200000        1000     -637.27    -0.12627
        210      210000        1000     -600.01    -0.08716
        220      220000        1000     -620.24     0.04532
        230      230000        1000     -610.50     0.13375
        240      240000        1000     -581.47     0.01920
        250      250000        1000     -577.58     0.17704
        260      260000        1000     -602.70    -0.16961
        270      270000        1000     -586.36     0.08284
        280      280000        1000     -593.63     0.34495
        290      290000        1000     -625.54    -0.01268
        300      300000        1000     -593.07    -0.14321
        310      310000        1000     -562.85    -0.43870
        320      320000        1000     -610.01    -0.26763
        330      330000        1000     -561.31     0.40069
        340      340000        1000     -542.87     0.23609
        350      350000        1000     -564.93     0.35878
        360      360000        1000     -609.30    -0.12516
        370      370000        1000     -576.92    -0.44960
        380      380000        1000     -587.69     0.11049
        390      390000        1000     -589.66     0.22613
        400      400000        1000     -559.79    -0.17554
        410      410000        1000     -562.65    -0.06920
        420      420000        1000     -527.98     0.06841
        430      430000        1000     -561.98    -0.02832
        440      440000        1000     -603.41    -0.61064
        450      450000        1000     -562.55     0.40730
        460      460000        1000     -571.79    -0.22055
        470      470000        1000     -577.63    -0.14032
        480      480000        1000     -558.24     0.26447
        490      490000        1000     -540.49    -0.14329
        500      500000        1000     -587.34     0.06778
        510      510000        1000     -637.99    -0.20143
        520      520000        1000     -595.29     0.15992
        530      530000        1000     -571.30    -0.58801
        540      540000        1000     -566.12    -0.12517
        550      550000        1000     -537.56     0.20890
        560      560000        1000     -563.95     0.21502
        570      570000        1000     -584.23    -0.05852
        580      580000        1000     -561.30    -0.33012
        590      590000        1000     -540.30    -0.09244
        600      600000        1000     -550.35     0.29813
        610      610000        1000     -541.45    -0.24404
        620      620000        1000     -568.28     0.28599
        630      630000        1000     -561.49    -0.00229
        640      640000        1000     -583.22     0.15055
        650      650000        1000     -534.49     0.28877
        660      660000        1000     -553.01     0.28030
        670      670000        1000     -559.09     0.21573
        680      680000        1000     -586.19    -0.22226
        690      690000        1000     -534.26     0.02473
        700      700000        1000     -553.52    -0.17349
        710      710000        1000     -573.48     0.70555
        720      720000        1000     -567.60     0.51928
        730      730000        1000     -544.95     0.00300
        740      740000        1000     -575.22    -0.28135
        750      750000        1000     -560.09     0.04015
        760      760000        1000     -562.97     0.46511
        770      770000        1000     -543.00    -0.26208
        780      780000        1000     -595.99     0.25635
        790      790000        1000     -566.32     0.05156
        800      800000        1000     -555.50    -0.11358
        810      810000        1000     -525.21    -0.18173
        820      820000        1000     -580.75    -0.01218
        830      830000        1000     -557.84    -0.02055
        840      840000        1000     -533.83     0.02717
        850      850000        1000     -540.96     0.04777
        860      860000        1000     -541.81     0.32781
        870      870000        1000     -525.93    -0.24480
        880      880000        1000     -547.49     0.37946
        890      890000        1000     -546.17     0.16490
        900      900000        1000     -530.03    -0.38103
        910      910000        1000     -544.53    -0.20916
        920      920000        1000     -519.99    -0.25394
        930      930000        1000     -545.40     0.24187
        940      940000        1000     -536.57     0.28412
        950      950000        1000     -553.24     0.03941
        960      960000        1000     -505.23    -0.02314
        970      970000        1000     -510.69     0.27765
        980      980000        1000     -537.94    -0.36298
        990      990000        1000     -557.76     0.03865
       1000     1000000        1000     -571.36    -0.23251
